[0m21:41:52.011334 [debug] [MainThread]: Sending event: {'category': 'dbt', 'action': 'invocation', 'label': 'start', 'context': [<snowplow_tracker.self_describing_json.SelfDescribingJson object at 0x7f5598cdaad0>, <snowplow_tracker.self_describing_json.SelfDescribingJson object at 0x7f5597b6c220>, <snowplow_tracker.self_describing_json.SelfDescribingJson object at 0x7f5597b6c1c0>]}


============================== 21:41:52.017027 | 0a384c22-4468-47af-9814-7e4ebf4b06eb ==============================
[0m21:41:52.017027 [info ] [MainThread]: Running with dbt=1.11.11
[0m21:41:52.017877 [debug] [MainThread]: running dbt with arguments {'target_path': 'None', 'static_parser': 'True', 'write_json': 'True', 'log_format': 'default', 'fail_fast': 'False', 'cache_selected_only': 'False', 'empty': 'None', 'use_colors': 'True', 'indirect_selection': 'eager', 'invocation_command': 'dbt init dbt_meteo', 'introspect': 'True', 'no_print': 'None', 'version_check': 'True', 'quiet': 'False', 'printer_width': '80', 'warn_error': 'None', 'partial_parse': 'True', 'profiles_dir': '/root/.dbt', 'log_cache_events': 'False', 'debug': 'False', 'log_path': 'logs', 'use_experimental_parser': 'False', 'warn_error_options': 'WarnErrorOptionsV2(error=[], warn=[], silence=[])', 'send_anonymous_usage_stats': 'True'}
[0m21:41:52.029500 [info ] [MainThread]: Creating dbt configuration folder at /root/.dbt
[0m21:41:52.033531 [debug] [MainThread]: Starter project path: /root/projets/airflow-meteo/venv/lib/python3.10/site-packages/dbt/include/starter_project
[0m21:41:52.038325 [info ] [MainThread]: 
Your new dbt project "dbt_meteo" was created!

For more information on how to configure the profiles.yml file,
please consult the dbt documentation here:

  https://docs.getdbt.com/docs/configure-your-profile

One more thing:

Need help? Don't hesitate to reach out to us via GitHub issues or on Slack:

  https://community.getdbt.com/

Happy modeling!

[0m21:41:52.038901 [info ] [MainThread]: Setting up your profile.
[0m21:42:02.494413 [info ] [MainThread]: Profile dbt_meteo written to /root/.dbt/profiles.yml using target's sample configuration. Once updated, you'll be able to start developing with dbt.
[0m21:42:02.497787 [debug] [MainThread]: Resource report: {"command_name": "init", "command_success": true, "command_wall_clock_time": 10.550696, "process_in_blocks": "352", "process_kernel_time": 0.133695, "process_mem_max_rss": "130360", "process_out_blocks": "72", "process_user_time": 1.629412}
[0m21:42:02.498400 [debug] [MainThread]: Command `dbt init` succeeded at 21:42:02.498279 after 10.55 seconds
[0m21:42:02.498826 [debug] [MainThread]: Sending event: {'category': 'dbt', 'action': 'invocation', 'label': 'end', 'context': [<snowplow_tracker.self_describing_json.SelfDescribingJson object at 0x7f5598cdaad0>, <snowplow_tracker.self_describing_json.SelfDescribingJson object at 0x7f5597b6c220>, <snowplow_tracker.self_describing_json.SelfDescribingJson object at 0x7f5597b6c1f0>]}
[0m21:42:02.499308 [debug] [MainThread]: Flushing usage events
[0m21:42:02.953632 [debug] [MainThread]: An error was encountered while trying to flush usage events
